globalTracer.FtcAuto_Info: ***** Starting autonomous *****
globalTracer.FtcAuto_Info: <Info name="MatchInfo" date="Sun Dec 12 14:39:56 PST 2021" type="QUALIFICATION" number=13 />
globalTracer.FtcAuto_Info: <Info name="AutoChoices" startDelay=0 alliance="RED_ALLIANCE" strategy="AUTO_FAR_CAROUSEL" freightDelivery="true" doCarousel="false" parking="WAREHOUSE_PARKING" xTarget=4.0 yTarget=4.0 turnTarget=90 driveTime=5 drivePower=0.5 />
globalTracer.CmdAutoFarCarousel.cmdPeriodic_Info: Disabling TensorFlow.
globalTracer.CmdAutoFarCarousel_Info: Duck found at position 3.
globalTracer.triggerEvent_Info: TrcMotor encoder reset! motor=arm.motor,pos=44.00
globalTracer.traceStateInfo_Info: <Event name="StateInfo" time="0.153" tag=">>>>>" state="DRIVE_TO_ALLIANCE_SHIPPING_HUB" RobotPose="(11.88,-62.00,0.00)" TargetPose="(-11.88,-44.41,0.00)" vel="0.18" volt="13.64V(13.59V)" />
globalTracer.getFollowingPoint_Info: Segment[0:TrcWaypoint(pose=(x=0.0,y=0.0,angle=0.0),vel=0.00)->1:TrcWaypoint(pose=(x=-23.8,y=17.6,angle=0.0),vel=0.00)] PrevIndex=0, Target=TrcWaypoint(simple=false,timestep=0.000,pose=(x=-4.8,y=3.6,angle=0.0),vel=0.00,encPos=0.0,accel=0.00,jerk=0.00)
globalTracer.purePursuitDrive_Info: <Event name="RobotPose" time="0.260" pose="(x=11.9,y=-62.0,angle=0.0)" />
globalTracer.printPidInfo_Info: [0.260724] purePursuitDrive.xPosPid: Target=   7.1, Input=  11.9, Error=  -4.8, Output=-0.458(-1.000/1.000), Volt=12.9(12.8)
globalTracer.printPidInfo_Info: [0.271608] purePursuitDrive.yPosPid: Target= -58.4, Input= -62.0, Error=   3.6, Output= 0.214(-1.000/1.000), Volt=12.9(12.8)
globalTracer.printPidInfo_Info: [0.279731] purePursuitDrive.turnPid: Target=   0.0, Input=   0.0, Error=   0.0, Output= 0.000(-1.000/1.000), Volt=13.0(12.8)
globalTracer.printPidInfo_Info: [0.288068] purePursuitDrive.velPid: Target=   0.0, Input=   0.2, Error=  -0.2, Output= 0.000(-1.000/1.000), Volt=13.0(12.8)
globalTracer.purePursuitDrive_Info: <Event name="RobotPose" time="0.349" pose="(x=11.5,y=-61.8,angle=-0.5)" />
globalTracer.printPidInfo_Info: [0.349360] purePursuitDrive.xPosPid: Target=   7.0, Input=  11.9, Error=  -4.8, Output=-0.458(-1.000/1.000), Volt=12.7(12.4)
globalTracer.printPidInfo_Info: [0.362120] purePursuitDrive.yPosPid: Target= -58.4, Input= -62.0, Error=   3.6, Output= 0.214(-1.000/1.000), Volt=12.7(12.4)
globalTracer.printPidInfo_Info: [0.377755] purePursuitDrive.turnPid: Target=   0.0, Input=  -0.0, Error=   0.0, Output= 0.001(-1.000/1.000), Volt=12.8(12.4)
globalTracer.printPidInfo_Info: [0.390764] purePursuitDrive.velPid: Target=   0.0, Input=   0.4, Error=  -0.4, Output= 0.000(-1.000/1.000), Volt=12.9(12.4)
globalTracer.purePursuitDrive_Info: <Event name="RobotPose" time="0.432" pose="(x=11.0,y=-61.4,angle=-0.6)" />
globalTracer.printPidInfo_Info: [0.433023] purePursuitDrive.xPosPid: Target=   6.3, Input=  11.0, Error=  -4.8, Output=-0.452(-1.000/1.000), Volt=12.9(12.4)
globalTracer.printPidInfo_Info: [0.446172] purePursuitDrive.yPosPid: Target= -57.8, Input= -61.4, Error=   3.7, Output= 0.219(-1.000/1.000), Volt=12.9(12.4)
globalTracer.printPidInfo_Info: [0.455207] purePursuitDrive.turnPid: Target=   0.0, Input=  -0.6, Error=   0.6, Output= 0.013(-1.000/1.000), Volt=12.9(12.4)
globalTracer.printPidInfo_Info: [0.466429] purePursuitDrive.velPid: Target=   0.0, Input=  10.5, Error= -10.5, Output= 0.000(-1.000/1.000), Volt=13.0(12.4)
globalTracer.purePursuitDrive_Info: <Event name="RobotPose" time="0.514" pose="(x=9.6,y=-60.8,angle=-1.0)" />
globalTracer.printPidInfo_Info: [0.514480] purePursuitDrive.xPosPid: Target=   5.1, Input=   9.6, Error=  -4.5, Output=-0.431(-1.000/1.000), Volt=13.1(12.4)
globalTracer.printPidInfo_Info: [0.527497] purePursuitDrive.yPosPid: Target= -56.8, Input= -60.8, Error=   3.9, Output= 0.235(-1.000/1.000), Volt=13.1(12.4)
globalTracer.printPidInfo_Info: [0.541128] purePursuitDrive.turnPid: Target=   0.0, Input=  -1.0, Error=   1.0, Output= 0.024(-1.000/1.000), Volt=13.1(12.4)
globalTracer.printPidInfo_Info: [0.548116] purePursuitDrive.velPid: Target=   0.0, Input=  16.9, Error= -16.9, Output= 0.000(-1.000/1.000), Volt=13.1(12.4)
globalTracer.purePursuitDrive_Info: <Event name="RobotPose" time="0.609" pose="(x=8.1,y=-59.8,angle=-1.2)" />
globalTracer.printPidInfo_Info: [0.609968] purePursuitDrive.xPosPid: Target=   3.7, Input=   8.1, Error=  -4.5, Output=-0.423(-1.000/1.000), Volt=13.1(12.4)
globalTracer.printPidInfo_Info: [0.620635] purePursuitDrive.yPosPid: Target= -55.8, Input= -59.8, Error=   4.0, Output= 0.241(-1.000/1.000), Volt=13.1(12.4)
globalTracer.printPidInfo_Info: [0.628462] purePursuitDrive.turnPid: Target=   0.0, Input=  -1.2, Error=   1.2, Output= 0.029(-1.000/1.000), Volt=13.1(12.4)
globalTracer.printPidInfo_Info: [0.637468] purePursuitDrive.velPid: Target=   0.0, Input=  20.5, Error= -20.5, Output= 0.000(-1.000/1.000), Volt=13.1(12.4)
globalTracer.purePursuitDrive_Info: <Event name="RobotPose" time="0.680" pose="(x=6.4,y=-58.7,angle=-0.8)" />
globalTracer.printPidInfo_Info: [0.680871] purePursuitDrive.xPosPid: Target=   2.6, Input=   7.0, Error=  -4.4, Output=-0.419(-1.000/1.000), Volt=13.1(12.4)
globalTracer.printPidInfo_Info: [0.689563] purePursuitDrive.yPosPid: Target= -55.0, Input= -59.0, Error=   4.1, Output= 0.244(-1.000/1.000), Volt=13.1(12.4)
globalTracer.printPidInfo_Info: [0.708216] purePursuitDrive.turnPid: Target=   0.0, Input=  -1.0, Error=   1.0, Output= 0.024(-1.000/1.000), Volt=13.1(12.4)
globalTracer.printPidInfo_Info: [0.727206] purePursuitDrive.velPid: Target=   0.0, Input=  21.9, Error= -21.9, Output= 0.000(-1.000/1.000), Volt=13.1(12.4)
globalTracer.purePursuitDrive_Info: <Event name="RobotPose" time="0.794" pose="(x=5.1,y=-57.8,angle=-0.5)" />
globalTracer.printPidInfo_Info: [0.794419] purePursuitDrive.xPosPid: Target=   0.7, Input=   5.1, Error=  -4.4, Output=-0.416(-1.000/1.000), Volt=13.1(12.4)
globalTracer.printPidInfo_Info: [0.810187] purePursuitDrive.yPosPid: Target= -53.7, Input= -57.8, Error=   4.1, Output= 0.246(-1.000/1.000), Volt=13.1(12.4)
globalTracer.printPidInfo_Info: [0.818521] purePursuitDrive.turnPid: Target=   0.0, Input=  -0.5, Error=   0.5, Output= 0.012(-1.000/1.000), Volt=13.1(12.4)
globalTracer.printPidInfo_Info: [0.825689] purePursuitDrive.velPid: Target=   0.0, Input=  25.2, Error= -25.2, Output= 0.000(-1.000/1.000), Volt=13.1(12.4)
globalTracer.purePursuitDrive_Info: <Event name="RobotPose" time="0.879" pose="(x=2.9,y=-55.9,angle=0.5)" />
globalTracer.printPidInfo_Info: [0.879674] purePursuitDrive.xPosPid: Target=   0.0, Input=   4.4, Error=  -4.4, Output=-0.422(-1.000/1.000), Volt=13.1(12.4)
globalTracer.printPidInfo_Info: [0.891150] purePursuitDrive.yPosPid: Target= -53.2, Input= -57.2, Error=   4.0, Output= 0.242(-1.000/1.000), Volt=13.1(12.4)
globalTracer.printPidInfo_Info: [0.905517] purePursuitDrive.turnPid: Target=   0.0, Input=  -0.2, Error=   0.2, Output= 0.004(-1.000/1.000), Volt=13.0(12.4)
globalTracer.printPidInfo_Info: [0.917436] purePursuitDrive.velPid: Target=   0.0, Input=  21.3, Error= -21.3, Output= 0.000(-1.000/1.000), Volt=13.1(12.4)
globalTracer.purePursuitDrive_Info: <Event name="RobotPose" time="0.966" pose="(x=2.1,y=-55.0,angle=0.9)" />
globalTracer.printPidInfo_Info: [0.966371] purePursuitDrive.xPosPid: Target=  -2.7, Input=   2.1, Error=  -4.8, Output=-0.452(-1.000/1.000), Volt=13.1(12.4)
globalTracer.printPidInfo_Info: [0.974341] purePursuitDrive.yPosPid: Target= -51.3, Input= -55.0, Error=   3.7, Output= 0.220(-1.000/1.000), Volt=13.1(12.4)
globalTracer.printPidInfo_Info: [0.982636] purePursuitDrive.turnPid: Target=   0.0, Input=   0.9, Error=  -0.9, Output=-0.020(-1.000/1.000), Volt=13.1(12.4)
globalTracer.printPidInfo_Info: [0.987585] purePursuitDrive.velPid: Target=   0.0, Input=  22.6, Error= -22.6, Output= 0.000(-1.000/1.000), Volt=13.1(12.4)
globalTracer.purePursuitDrive_Info: <Event name="RobotPose" time="1.029" pose="(x=0.6,y=-53.6,angle=1.0)" />
globalTracer.printPidInfo_Info: [1.029389] purePursuitDrive.xPosPid: Target=  -4.3, Input=   0.6, Error=  -4.9, Output=-0.464(-1.000/1.000), Volt=13.1(12.4)
globalTracer.printPidInfo_Info: [1.040051] purePursuitDrive.yPosPid: Target= -50.1, Input= -53.6, Error=   3.5, Output= 0.209(-1.000/1.000), Volt=13.1(12.4)
globalTracer.printPidInfo_Info: [1.051596] purePursuitDrive.turnPid: Target=   0.0, Input=   1.0, Error=  -1.0, Output=-0.024(-1.000/1.000), Volt=13.0(12.4)
globalTracer.printPidInfo_Info: [1.066316] purePursuitDrive.velPid: Target=   0.0, Input=  22.8, Error= -22.8, Output= 0.000(-1.000/1.000), Volt=13.0(12.4)
globalTracer.purePursuitDrive_Info: <Event name="RobotPose" time="1.114" pose="(x=-1.1,y=-52.3,angle=1.0)" />
globalTracer.printPidInfo_Info: [1.114374] purePursuitDrive.xPosPid: Target=  -6.0, Input=  -1.1, Error=  -4.9, Output=-0.465(-1.000/1.000), Volt=13.0(12.4)
globalTracer.printPidInfo_Info: [1.126558] purePursuitDrive.yPosPid: Target= -48.9, Input= -52.3, Error=   3.5, Output= 0.208(-1.000/1.000), Volt=13.0(12.4)
globalTracer.printPidInfo_Info: [1.136625] purePursuitDrive.turnPid: Target=   0.0, Input=   1.0, Error=  -1.0, Output=-0.022(-1.000/1.000), Volt=13.0(12.4)
globalTracer.printPidInfo_Info: [1.142918] purePursuitDrive.velPid: Target=   0.0, Input=  23.4, Error= -23.4, Output= 0.000(-1.000/1.000), Volt=13.0(12.4)
globalTracer.purePursuitDrive_Info: <Event name="RobotPose" time="1.185" pose="(x=-2.1,y=-51.6,angle=0.8)" />
globalTracer.printPidInfo_Info: [1.185368] purePursuitDrive.xPosPid: Target=  -6.9, Input=  -2.1, Error=  -4.9, Output=-0.464(-1.000/1.000), Volt=13.0(12.4)
globalTracer.printPidInfo_Info: [1.194738] purePursuitDrive.yPosPid: Target= -48.2, Input= -51.6, Error=   3.5, Output= 0.209(-1.000/1.000), Volt=13.0(12.4)
globalTracer.printPidInfo_Info: [1.209659] purePursuitDrive.turnPid: Target=   0.0, Input=   0.8, Error=  -0.8, Output=-0.018(-1.000/1.000), Volt=13.1(12.4)
globalTracer.printPidInfo_Info: [1.219762] purePursuitDrive.velPid: Target=   0.0, Input=  25.6, Error= -25.6, Output= 0.000(-1.000/1.000), Volt=13.1(12.4)
globalTracer.purePursuitDrive_Info: <Event name="RobotPose" time="1.257" pose="(x=-3.9,y=-50.4,angle=0.3)" />
globalTracer.printPidInfo_Info: [1.257763] purePursuitDrive.xPosPid: Target=  -8.7, Input=  -3.9, Error=  -4.8, Output=-0.457(-1.000/1.000), Volt=13.1(12.4)
globalTracer.printPidInfo_Info: [1.268657] purePursuitDrive.yPosPid: Target= -46.8, Input= -50.4, Error=   3.6, Output= 0.215(-1.000/1.000), Volt=13.1(12.4)
globalTracer.printPidInfo_Info: [1.280965] purePursuitDrive.turnPid: Target=   0.0, Input=   0.3, Error=  -0.3, Output=-0.006(-1.000/1.000), Volt=13.0(12.4)
globalTracer.printPidInfo_Info: [1.292476] purePursuitDrive.velPid: Target=   0.0, Input=  24.8, Error= -24.8, Output= 0.000(-1.000/1.000), Volt=13.0(12.4)
globalTracer.purePursuitDrive_Info: <Event name="RobotPose" time="1.378" pose="(x=-5.6,y=-49.2,angle=-0.1)" />
globalTracer.printPidInfo_Info: [1.378740] purePursuitDrive.xPosPid: Target=  -9.6, Input=  -4.8, Error=  -4.8, Output=-0.459(-1.000/1.000), Volt=13.0(12.4)
globalTracer.printPidInfo_Info: [1.388231] purePursuitDrive.yPosPid: Target= -46.1, Input= -49.7, Error=   3.6, Output= 0.214(-1.000/1.000), Volt=13.0(12.4)
globalTracer.printPidInfo_Info: [1.404368] purePursuitDrive.turnPid: Target=   0.0, Input=   0.1, Error=  -0.1, Output=-0.002(-1.000/1.000), Volt=13.0(12.4)
globalTracer.printPidInfo_Info: [1.412106] purePursuitDrive.velPid: Target=   0.0, Input=  23.4, Error= -23.4, Output= 0.000(-1.000/1.000), Volt=13.0(12.4)
globalTracer.purePursuitDrive_Info: <Event name="RobotPose" time="1.448" pose="(x=-7.9,y=-47.5,angle=-0.5)" />
globalTracer.printPidInfo_Info: [1.448258] purePursuitDrive.xPosPid: Target= -11.9, Input=  -7.2, Error=  -4.7, Output=-0.446(-1.000/1.000), Volt=13.0(12.4)
globalTracer.printPidInfo_Info: [1.460752] purePursuitDrive.yPosPid: Target= -44.4, Input= -48.0, Error=   3.7, Output= 0.220(-1.000/1.000), Volt=13.1(12.4)
globalTracer.printPidInfo_Info: [1.467909] purePursuitDrive.turnPid: Target=   0.0, Input=  -0.4, Error=   0.4, Output= 0.009(-1.000/1.000), Volt=13.1(12.4)
globalTracer.printPidInfo_Info: [1.474312] purePursuitDrive.velPid: Target=   0.0, Input=  24.3, Error= -24.3, Output= 0.000(-1.000/1.000), Volt=13.1(12.4)
globalTracer.purePursuitDrive_Info: <Event name="RobotPose" time="1.511" pose="(x=-8.9,y=-46.9,angle=-0.6)" />
globalTracer.printPidInfo_Info: [1.512020] purePursuitDrive.xPosPid: Target= -11.8, Input=  -8.9, Error=  -2.9, Output=-0.279(-1.000/1.000), Volt=13.3(12.4)
globalTracer.printPidInfo_Info: [1.518487] purePursuitDrive.yPosPid: Target= -44.4, Input= -46.9, Error=   2.5, Output= 0.150(-1.000/1.000), Volt=13.3(12.4)
globalTracer.printPidInfo_Info: [1.532191] purePursuitDrive.turnPid: Target=   0.0, Input=  -0.6, Error=   0.6, Output= 0.013(-1.000/1.000), Volt=13.3(12.4)
globalTracer.printPidInfo_Info: [1.539146] purePursuitDrive.velPid: Target=   0.0, Input=  24.1, Error= -24.1, Output= 0.000(-1.000/1.000), Volt=13.3(12.4)
globalTracer.purePursuitDrive_Info: <Event name="RobotPose" time="1.594" pose="(x=-10.4,y=-45.9,angle=-0.4)" />
globalTracer.printPidInfo_Info: [1.595179] purePursuitDrive.xPosPid: Target= -12.7, Input= -10.4, Error=  -2.3, Output=-0.217(-1.000/1.000), Volt=13.3(12.4)
globalTracer.printPidInfo_Info: [1.609277] purePursuitDrive.yPosPid: Target= -43.9, Input= -45.9, Error=   2.0, Output= 0.121(-1.000/1.000), Volt=13.3(12.4)
globalTracer.printPidInfo_Info: [1.620746] purePursuitDrive.turnPid: Target=   0.0, Input=  -0.4, Error=   0.4, Output= 0.009(-1.000/1.000), Volt=13.3(12.4)
globalTracer.printPidInfo_Info: [1.630355] purePursuitDrive.velPid: Target=   0.0, Input=  23.2, Error= -23.2, Output= 0.000(-1.000/1.000), Volt=13.3(12.4)
globalTracer.purePursuitDrive_Info: <Event name="RobotPose" time="1.679" pose="(x=-11.8,y=-44.7,angle=0.2)" />
globalTracer.printPidInfo_Info: [1.680328] purePursuitDrive.xPosPid: Target= -11.9, Input= -11.8, Error=  -0.1, Output=-0.008(-1.000/1.000), Volt=13.3(12.4)
globalTracer.printPidInfo_Info: [1.685965] purePursuitDrive.yPosPid: Target= -44.4, Input= -44.7, Error=   0.3, Output= 0.019(-1.000/1.000), Volt=13.3(12.4)
globalTracer.printPidInfo_Info: [1.689181] purePursuitDrive.turnPid: Target=   0.0, Input=   0.2, Error=  -0.2, Output=-0.004(-1.000/1.000), Volt=13.5(12.4)
globalTracer.printPidInfo_Info: [1.694064] purePursuitDrive.velPid: Target=   0.0, Input=  18.9, Error= -18.9, Output= 0.000(-1.000/1.000), Volt=13.5(12.4)
globalTracer.traceStateInfo_Info: <Event name="StateInfo" time="1.708" tag=">>>>>" state="DUMP_FREIGHT" volt="13.51V(12.44V)" />
globalTracer.traceStateInfo_Info: <Event name="StateInfo" time="2.897" tag=">>>>>" state="DRIVE_TO_ALLIANCE_STORAGE_UNIT" volt="13.63V(12.44V)" />
globalTracer.traceStateInfo_Info: <Event name="StateInfo" time="2.908" tag=">>>>>" state="DRIVE_TO_WAREHOUSE" volt="13.63V(12.44V)" />
globalTracer.traceStateInfo_Info: <Event name="StateInfo" time="2.920" tag=">>>>>" state="DRIVE_TO_WAREHOUSE" RobotPose="(-12.68,-43.67,1.30)" TargetPose="(11.88,-45.13,91.30)" vel="0.00" volt="13.63V(12.44V)" />
globalTracer.getFollowingPoint_Info: Segment[0:TrcWaypoint(pose=(x=0.0,y=0.0,angle=1.3),vel=0.00)->1:TrcWaypoint(pose=(x=24.6,y=-0.9,angle=90.0),vel=0.00)] PrevIndex=0, Target=TrcWaypoint(simple=false,timestep=0.000,pose=(x=6.0,y=-0.2,angle=22.9),vel=0.00,encPos=0.0,accel=0.00,jerk=0.00)
globalTracer.purePursuitDrive_Info: <Event name="RobotPose" time="3.001" pose="(x=-12.7,y=-43.7,angle=1.3)" />
globalTracer.printPidInfo_Info: [3.001984] purePursuitDrive.xPosPid: Target=  -6.7, Input= -12.7, Error=   6.0, Output= 0.570(-1.000/1.000), Volt=12.8(12.1)
globalTracer.printPidInfo_Info: [3.014136] purePursuitDrive.yPosPid: Target= -43.9, Input= -43.7, Error=  -0.2, Output=-0.013(-1.000/1.000), Volt=12.8(12.1)
globalTracer.printPidInfo_Info: [3.025067] purePursuitDrive.turnPid: Target=  22.9, Input=   1.3, Error=  21.6, Output= 0.498(-1.000/1.000), Volt=12.9(12.1)
globalTracer.printPidInfo_Info: [3.039254] purePursuitDrive.velPid: Target=   0.0, Input=   0.0, Error=   0.0, Output= 0.000(-1.000/1.000), Volt=12.9(12.1)
globalTracer.purePursuitDrive_Info: <Event name="RobotPose" time="3.077" pose="(x=-12.6,y=-43.6,angle=1.6)" />
globalTracer.printPidInfo_Info: [3.077584] purePursuitDrive.xPosPid: Target=  -6.6, Input= -12.6, Error=   6.0, Output= 0.570(-1.000/1.000), Volt=12.9(12.1)
globalTracer.printPidInfo_Info: [3.089272] purePursuitDrive.yPosPid: Target= -43.9, Input= -43.6, Error=  -0.2, Output=-0.014(-1.000/1.000), Volt=12.8(12.1)
globalTracer.printPidInfo_Info: [3.100502] purePursuitDrive.turnPid: Target=  23.1, Input=   1.6, Error=  21.5, Output= 0.495(-1.000/1.000), Volt=12.9(12.1)
globalTracer.printPidInfo_Info: [3.108099] purePursuitDrive.velPid: Target=   0.0, Input=   0.6, Error=  -0.6, Output= 0.000(-1.000/1.000), Volt=12.8(12.1)
globalTracer.purePursuitDrive_Info: <Event name="RobotPose" time="3.138" pose="(x=-12.1,y=-43.5,angle=5.0)" />
globalTracer.printPidInfo_Info: [3.138951] purePursuitDrive.xPosPid: Target=  -6.4, Input= -12.4, Error=   6.0, Output= 0.570(-1.000/1.000), Volt=13.0(12.1)
globalTracer.printPidInfo_Info: [3.154059] purePursuitDrive.yPosPid: Target= -43.7, Input= -43.6, Error=  -0.0, Output=-0.001(-1.000/1.000), Volt=13.0(12.1)
globalTracer.printPidInfo_Info: [3.163722] purePursuitDrive.turnPid: Target=  23.9, Input=   3.6, Error=  20.4, Output= 0.468(-1.000/1.000), Volt=13.0(12.1)
globalTracer.printPidInfo_Info: [3.177434] purePursuitDrive.velPid: Target=   0.0, Input=   4.7, Error=  -4.7, Output= 0.000(-1.000/1.000), Volt=13.0(12.1)
globalTracer.purePursuitDrive_Info: <Event name="RobotPose" time="3.209" pose="(x=-11.5,y=-43.6,angle=8.7)" />
globalTracer.printPidInfo_Info: [3.209326] purePursuitDrive.xPosPid: Target=  -5.5, Input= -11.5, Error=   6.0, Output= 0.568(-1.000/1.000), Volt=13.1(12.1)
globalTracer.printPidInfo_Info: [3.223908] purePursuitDrive.yPosPid: Target= -43.2, Input= -43.6, Error=   0.4, Output= 0.027(-1.000/1.000), Volt=13.1(12.1)
globalTracer.printPidInfo_Info: [3.232349] purePursuitDrive.turnPid: Target=  27.2, Input=   8.7, Error=  18.5, Output= 0.426(-1.000/1.000), Volt=13.1(12.1)
globalTracer.printPidInfo_Info: [3.240974] purePursuitDrive.velPid: Target=   0.0, Input=  13.4, Error= -13.4, Output= 0.000(-1.000/1.000), Volt=13.1(12.1)
globalTracer.purePursuitDrive_Info: <Event name="RobotPose" time="3.270" pose="(x=-10.0,y=-43.8,angle=15.9)" />
globalTracer.printPidInfo_Info: [3.270843] purePursuitDrive.xPosPid: Target=  -4.1, Input= -10.0, Error=   5.9, Output= 0.557(-1.000/1.000), Volt=13.2(12.1)
globalTracer.printPidInfo_Info: [3.282061] purePursuitDrive.yPosPid: Target= -42.5, Input= -43.8, Error=   1.3, Output= 0.077(-1.000/1.000), Volt=13.1(12.1)
globalTracer.printPidInfo_Info: [3.289915] purePursuitDrive.turnPid: Target=  32.7, Input=  15.9, Error=  16.9, Output= 0.388(-1.000/1.000), Volt=13.1(12.1)
globalTracer.printPidInfo_Info: [3.297557] purePursuitDrive.velPid: Target=   0.0, Input=  20.1, Error= -20.1, Output= 0.000(-1.000/1.000), Volt=13.2(12.1)
globalTracer.purePursuitDrive_Info: <Event name="RobotPose" time="3.320" pose="(x=-9.3,y=-43.9,angle=18.9)" />
globalTracer.printPidInfo_Info: [3.321633] purePursuitDrive.xPosPid: Target=  -3.6, Input=  -9.3, Error=   5.8, Output= 0.548(-1.000/1.000), Volt=13.2(12.1)
globalTracer.printPidInfo_Info: [3.337784] purePursuitDrive.yPosPid: Target= -42.3, Input= -43.9, Error=   1.7, Output= 0.100(-1.000/1.000), Volt=13.2(12.1)
globalTracer.printPidInfo_Info: [3.346388] purePursuitDrive.turnPid: Target=  35.0, Input=  18.9, Error=  16.0, Output= 0.369(-1.000/1.000), Volt=13.2(12.1)
globalTracer.printPidInfo_Info: [3.361810] purePursuitDrive.velPid: Target=   0.0, Input=  20.6, Error= -20.6, Output= 0.000(-1.000/1.000), Volt=13.2(12.1)
globalTracer.purePursuitDrive_Info: <Event name="RobotPose" time="3.397" pose="(x=-7.8,y=-44.3,angle=23.2)" />
globalTracer.printPidInfo_Info: [3.397308] purePursuitDrive.xPosPid: Target=  -2.3, Input=  -7.8, Error=   5.5, Output= 0.524(-1.000/1.000), Volt=13.3(12.1)
globalTracer.printPidInfo_Info: [3.410410] purePursuitDrive.yPosPid: Target= -42.0, Input= -44.3, Error=   2.4, Output= 0.141(-1.000/1.000), Volt=13.3(12.1)
globalTracer.printPidInfo_Info: [3.425186] purePursuitDrive.turnPid: Target=  40.6, Input=  23.2, Error=  17.4, Output= 0.400(-1.000/1.000), Volt=13.3(12.1)
globalTracer.printPidInfo_Info: [3.434112] purePursuitDrive.velPid: Target=   0.0, Input=  14.7, Error= -14.7, Output= 0.000(-1.000/1.000), Volt=13.3(12.1)
globalTracer.purePursuitDrive_Info: <Event name="RobotPose" time="3.539" pose="(x=-4.9,y=-45.3,angle=37.3)" />
globalTracer.printPidInfo_Info: [3.539741] purePursuitDrive.xPosPid: Target=  -1.6, Input=  -6.6, Error=   5.0, Output= 0.472(-1.000/1.000), Volt=13.3(12.1)
globalTracer.printPidInfo_Info: [3.551599] purePursuitDrive.yPosPid: Target= -41.3, Input= -44.7, Error=   3.4, Output= 0.202(-1.000/1.000), Volt=13.2(12.1)
globalTracer.printPidInfo_Info: [3.563918] purePursuitDrive.turnPid: Target=  45.1, Input=  31.4, Error=  13.6, Output= 0.314(-1.000/1.000), Volt=13.2(12.1)
globalTracer.printPidInfo_Info: [3.578240] purePursuitDrive.velPid: Target=   0.0, Input=  24.1, Error= -24.1, Output= 0.000(-1.000/1.000), Volt=13.1(12.1)
globalTracer.purePursuitDrive_Info: <Event name="RobotPose" time="3.632" pose="(x=-2.5,y=-45.8,angle=45.4)" />
globalTracer.printPidInfo_Info: [3.632362] purePursuitDrive.xPosPid: Target=   0.8, Input=  -2.5, Error=   3.3, Output= 0.313(-1.000/1.000), Volt=13.3(12.1)
globalTracer.printPidInfo_Info: [3.642573] purePursuitDrive.yPosPid: Target= -40.8, Input= -45.8, Error=   5.0, Output= 0.301(-1.000/1.000), Volt=13.3(12.1)
globalTracer.printPidInfo_Info: [3.650096] purePursuitDrive.turnPid: Target=  59.2, Input=  45.4, Error=  13.9, Output= 0.319(-1.000/1.000), Volt=13.3(12.1)
globalTracer.printPidInfo_Info: [3.661541] purePursuitDrive.velPid: Target=   0.0, Input=  16.9, Error= -16.9, Output= 0.000(-1.000/1.000), Volt=13.4(12.1)
globalTracer.purePursuitDrive_Info: <Event name="RobotPose" time="3.696" pose="(x=-0.1,y=-46.9,angle=58.4)" />
globalTracer.printPidInfo_Info: [3.697453] purePursuitDrive.xPosPid: Target=   0.6, Input=  -1.4, Error=   2.1, Output= 0.196(-1.000/1.000), Volt=13.4(12.1)
globalTracer.printPidInfo_Info: [3.706862] purePursuitDrive.yPosPid: Target= -40.7, Input= -46.4, Error=   5.6, Output= 0.338(-1.000/1.000), Volt=13.4(12.1)
globalTracer.printPidInfo_Info: [3.715002] purePursuitDrive.turnPid: Target=  62.7, Input=  53.6, Error=   9.1, Output= 0.210(-1.000/1.000), Volt=13.4(12.1)
globalTracer.printPidInfo_Info: [3.724082] purePursuitDrive.velPid: Target=   0.0, Input=  22.0, Error= -22.0, Output= 0.000(-1.000/1.000), Volt=13.4(12.1)
globalTracer.purePursuitDrive_Info: <Event name="RobotPose" time="3.774" pose="(x=0.8,y=-47.2,angle=63.8)" />
globalTracer.printPidInfo_Info: [3.774596] purePursuitDrive.xPosPid: Target=   1.1, Input=   0.8, Error=   0.3, Output= 0.027(-1.000/1.000), Volt=13.2(12.1)
globalTracer.printPidInfo_Info: [3.785478] purePursuitDrive.yPosPid: Target= -41.2, Input= -47.2, Error=   6.0, Output= 0.360(-1.000/1.000), Volt=13.3(12.1)
globalTracer.printPidInfo_Info: [3.796989] purePursuitDrive.turnPid: Target=  69.9, Input=  63.8, Error=   6.1, Output= 0.141(-1.000/1.000), Volt=13.3(12.1)
globalTracer.printPidInfo_Info: [3.804715] purePursuitDrive.velPid: Target=   0.0, Input=  22.3, Error= -22.3, Output= 0.000(-1.000/1.000), Volt=13.4(12.1)
globalTracer.purePursuitDrive_Info: <Event name="RobotPose" time="3.856" pose="(x=2.7,y=-47.4,angle=70.4)" />
globalTracer.printPidInfo_Info: [3.857066] purePursuitDrive.xPosPid: Target=   2.2, Input=   2.7, Error=  -0.5, Output=-0.049(-1.000/1.000), Volt=13.4(12.1)
globalTracer.printPidInfo_Info: [3.867757] purePursuitDrive.yPosPid: Target= -41.4, Input= -47.4, Error=   6.0, Output= 0.359(-1.000/1.000), Volt=13.4(12.1)
globalTracer.printPidInfo_Info: [3.878644] purePursuitDrive.turnPid: Target=  76.6, Input=  70.4, Error=   6.2, Output= 0.142(-1.000/1.000), Volt=13.4(12.1)
globalTracer.printPidInfo_Info: [3.888596] purePursuitDrive.velPid: Target=   0.0, Input=  11.4, Error= -11.4, Output= 0.000(-1.000/1.000), Volt=13.4(12.1)
globalTracer.purePursuitDrive_Info: <Event name="RobotPose" time="3.927" pose="(x=4.5,y=-47.6,angle=74.9)" />
globalTracer.printPidInfo_Info: [3.928058] purePursuitDrive.xPosPid: Target=   3.4, Input=   4.5, Error=  -1.1, Output=-0.104(-1.000/1.000), Volt=13.3(12.1)
globalTracer.printPidInfo_Info: [3.940202] purePursuitDrive.yPosPid: Target= -41.7, Input= -47.6, Error=   5.9, Output= 0.354(-1.000/1.000), Volt=13.3(12.1)
globalTracer.printPidInfo_Info: [3.949700] purePursuitDrive.turnPid: Target=  83.0, Input=  74.9, Error=   8.0, Output= 0.184(-1.000/1.000), Volt=13.3(12.1)
globalTracer.printPidInfo_Info: [3.957035] purePursuitDrive.velPid: Target=   0.0, Input=  22.3, Error= -22.3, Output= 0.000(-1.000/1.000), Volt=13.3(12.1)
globalTracer.purePursuitDrive_Info: <Event name="RobotPose" time="4.049" pose="(x=6.4,y=-47.0,angle=78.4)" />
globalTracer.printPidInfo_Info: [4.050121] purePursuitDrive.xPosPid: Target=   4.3, Input=   5.3, Error=  -1.0, Output=-0.093(-1.000/1.000), Volt=13.4(12.1)
globalTracer.printPidInfo_Info: [4.061621] purePursuitDrive.yPosPid: Target= -41.5, Input= -47.4, Error=   5.9, Output= 0.355(-1.000/1.000), Volt=13.4(12.1)
globalTracer.printPidInfo_Info: [4.068974] purePursuitDrive.turnPid: Target=  86.3, Input=  76.7, Error=   9.6, Output= 0.221(-1.000/1.000), Volt=13.3(12.1)
globalTracer.printPidInfo_Info: [4.079115] purePursuitDrive.velPid: Target=   0.0, Input=  20.6, Error= -20.6, Output= 0.000(-1.000/1.000), Volt=13.3(12.1)
globalTracer.purePursuitDrive_Info: <Event name="RobotPose" time="4.125" pose="(x=9.4,y=-46.1,angle=82.9)" />
globalTracer.printPidInfo_Info: [4.125558] purePursuitDrive.xPosPid: Target=   7.1, Input=   8.0, Error=  -0.9, Output=-0.087(-1.000/1.000), Volt=13.4(12.1)
globalTracer.printPidInfo_Info: [4.135244] purePursuitDrive.yPosPid: Target= -42.6, Input= -46.6, Error=   4.1, Output= 0.244(-1.000/1.000), Volt=13.4(12.1)
globalTracer.printPidInfo_Info: [4.156482] purePursuitDrive.turnPid: Target=  90.0, Input=  81.3, Error=   8.7, Output= 0.201(-1.000/1.000), Volt=13.4(12.1)
globalTracer.printPidInfo_Info: [4.166168] purePursuitDrive.velPid: Target=   0.0, Input=   3.7, Error=  -3.7, Output= 0.000(-1.000/1.000), Volt=13.4(12.1)
globalTracer.purePursuitDrive_Info: <Event name="RobotPose" time="4.206" pose="(x=10.2,y=-46.1,angle=85.5)" />
globalTracer.printPidInfo_Info: [4.207212] purePursuitDrive.xPosPid: Target=   9.4, Input=  10.2, Error=  -0.8, Output=-0.078(-1.000/1.000), Volt=13.5(12.1)
globalTracer.printPidInfo_Info: [4.218881] purePursuitDrive.yPosPid: Target= -44.4, Input= -46.1, Error=   1.7, Output= 0.102(-1.000/1.000), Volt=13.5(12.1)
globalTracer.printPidInfo_Info: [4.228746] purePursuitDrive.turnPid: Target=  90.0, Input=  85.5, Error=   4.5, Output= 0.103(-1.000/1.000), Volt=13.5(12.1)
globalTracer.printPidInfo_Info: [4.237722] purePursuitDrive.velPid: Target=   0.0, Input=   4.1, Error=  -4.1, Output= 0.000(-1.000/1.000), Volt=13.5(12.1)
globalTracer.purePursuitDrive_Info: <Event name="RobotPose" time="4.287" pose="(x=12.1,y=-45.7,angle=90.2)" />
globalTracer.printPidInfo_Info: [4.287476] purePursuitDrive.xPosPid: Target=  11.6, Input=  12.1, Error=  -0.5, Output=-0.050(-1.000/1.000), Volt=13.5(12.1)
globalTracer.printPidInfo_Info: [4.293343] purePursuitDrive.yPosPid: Target= -45.9, Input= -45.7, Error=  -0.3, Output=-0.016(-1.000/1.000), Volt=13.5(12.1)
globalTracer.printPidInfo_Info: [4.298873] purePursuitDrive.turnPid: Target=  90.0, Input=  90.2, Error=  -0.2, Output=-0.004(-1.000/1.000), Volt=13.5(12.1)
globalTracer.printPidInfo_Info: [4.307896] purePursuitDrive.velPid: Target=   0.0, Input=  20.7, Error= -20.7, Output= 0.000(-1.000/1.000), Volt=13.5(12.1)
globalTracer.traceStateInfo_Info: <Event name="StateInfo" time="4.317" tag=">>>>>" state="RETRACT_ODOMETRY_WHEELS" volt="13.54V(12.11V)" />
globalTracer.traceStateInfo_Info: <Event name="StateInfo" time="6.348" tag=">>>>>" state="GET_INTO_WAREHOUSE" volt="11.27V(12.11V)" />
globalTracer.traceStateInfo_Info: <Event name="StateInfo" time="7.221" tag=">>>>>" state="null" volt="13.51V(11.13V)" />
globalTracer.performStallDetection_Info: arm: stalled
globalTracer.zeroCalibratingMotor_Warn: arm is stalled, lower limit switch might have failed!
globalTracer.printElapsedTime_Info: imu.getGyroData: avgElapsed=0.000009, minElapsed=0.002125, maxElapsed=0.002125
globalTracer.printElapsedTime_Info: TrcDigitalInput.getInput: avgElapsed=0.002048, minElapsed=0.017681, maxElapsed=0.017681
globalTracer.printElapsedTime_Info: TrcMotor.getPos: avgElapsed=0.002342, minElapsed=0.027623, maxElapsed=0.027623
globalTracer.printElapsedTime_Info: TrcServo.setPos: avgElapsed=0.012402, minElapsed=0.014466, maxElapsed=0.014466
globalTracer.stopMode_Info: Shutting down TensorFlow.
globalTracer.FtcOpMode_Info:    FtcAutonomous: Periodic=0.000044, Continuous=0.000286, SDK=0.000144
globalTracer.TaskPerformance_Info: TrcRobotBattery.robotBatteryTask: Start=0.000000, Stop=0.000000, PrePeriodic=0.000000, PostPeriodic=0.000000, PreContinuous=0.005019, PostContinous=0.000000, Standalone=0.000000, Input=0.000000, Output=0.000000
globalTracer.TaskPerformance_Info: imu.converterTask: Start=0.000000, Stop=0.000000, PrePeriodic=0.000000, PostPeriodic=0.000000, PreContinuous=0.000079, PostContinous=0.000000, Standalone=0.000000, Input=0.000000, Output=0.000000
globalTracer.TaskPerformance_Info:     imu.gyroTask: Start=0.000000, Stop=0.000000, PrePeriodic=0.000000, PostPeriodic=0.000000, PreContinuous=0.000000, PostContinous=0.000000, Standalone=0.000000, Input=0.018798, Output=0.000000
globalTracer.TaskPerformance_Info:    imu.accelTask: Start=0.000000, Stop=0.000000, PrePeriodic=0.000000, PostPeriodic=0.000000, PreContinuous=0.000000, PostContinous=0.000000, Standalone=0.000000, Input=0.000000, Output=0.000000
globalTracer.TaskPerformance_Info: TrcMotor.odometryTask: Start=0.000000, Stop=0.000000, PrePeriodic=0.000000, PostPeriodic=0.000000, PreContinuous=0.000000, PostContinous=0.000000, Standalone=0.000000, Input=0.004700, Output=0.000000
globalTracer.TaskPerformance_Info: lfWheel.cleanupTask: Start=0.000000, Stop=0.000000, PrePeriodic=0.000000, PostPeriodic=0.000000, PreContinuous=0.000000, PostContinous=0.000000, Standalone=0.000000, Input=0.000000, Output=0.000000
globalTracer.TaskPerformance_Info: lfWheel.velCtrlTask: Start=0.000000, Stop=0.000000, PrePeriodic=0.000000, PostPeriodic=0.000000, PreContinuous=0.000000, PostContinous=0.000000, Standalone=0.000000, Input=0.000000, Output=0.000000
globalTracer.TaskPerformance_Info: rfWheel.velCtrlTask: Start=0.000000, Stop=0.000000, PrePeriodic=0.000000, PostPeriodic=0.000000, PreContinuous=0.000000, PostContinous=0.000000, Standalone=0.000000, Input=0.000000, Output=0.000000
globalTracer.TaskPerformance_Info: lbWheel.velCtrlTask: Start=0.000000, Stop=0.000000, PrePeriodic=0.000000, PostPeriodic=0.000000, PreContinuous=0.000000, PostContinous=0.000000, Standalone=0.000000, Input=0.000000, Output=0.000000
globalTracer.TaskPerformance_Info: rbWheel.velCtrlTask: Start=0.000000, Stop=0.000000, PrePeriodic=0.000000, PostPeriodic=0.000000, PreContinuous=0.000000, PostContinous=0.000000, Standalone=0.000000, Input=0.000000, Output=0.000000
globalTracer.TaskPerformance_Info: TrcDriveBase.odometryTask: Start=0.000000, Stop=0.000000, PrePeriodic=0.000000, PostPeriodic=0.000000, PreContinuous=0.000000, PostContinous=0.000000, Standalone=0.000000, Input=0.000517, Output=0.000000
globalTracer.TaskPerformance_Info: TrcDriveBase.stopTask: Start=0.000000, Stop=0.000000, PrePeriodic=0.000000, PostPeriodic=0.000000, PreContinuous=0.000000, PostContinous=0.000000, Standalone=0.000000, Input=0.000000, Output=0.000000
globalTracer.TaskPerformance_Info: pidDrive.driveTask: Start=0.000000, Stop=0.000000, PrePeriodic=0.000000, PostPeriodic=0.000000, PreContinuous=0.000000, PostContinous=0.000000, Standalone=0.000000, Input=0.000000, Output=0.000000
globalTracer.TaskPerformance_Info: pidDrive.stopTask: Start=0.000000, Stop=0.000000, PrePeriodic=0.000000, PostPeriodic=0.000000, PreContinuous=0.000000, PostContinous=0.000000, Standalone=0.000000, Input=0.000000, Output=0.000000
globalTracer.TaskPerformance_Info: purePursuitDrive.driveTask: Start=0.000000, Stop=0.000000, PrePeriodic=0.000000, PostPeriodic=0.000000, PreContinuous=0.000000, PostContinous=0.000000, Standalone=0.000000, Input=0.000000, Output=0.079405
globalTracer.TaskPerformance_Info: arm.motor.velCtrlTask: Start=0.000000, Stop=0.000000, PrePeriodic=0.000000, PostPeriodic=0.000000, PreContinuous=0.000000, PostContinous=0.000000, Standalone=0.000000, Input=0.000000, Output=0.000000
globalTracer.TaskPerformance_Info: arm.pidMotorTask: Start=0.000000, Stop=0.000000, PrePeriodic=0.000000, PostPeriodic=0.000000, PreContinuous=0.000000, PostContinous=0.000000, Standalone=0.000000, Input=0.000000, Output=0.009402
globalTracer.TaskPerformance_Info: arm.stopMotorTask: Start=0.000000, Stop=0.000000, PrePeriodic=0.000000, PostPeriodic=0.000000, PreContinuous=0.000000, PostContinous=0.000000, Standalone=0.000000, Input=0.000000, Output=0.000000
globalTracer.TaskPerformance_Info: arm.motor.triggerTask: Start=0.000000, Stop=0.000000, PrePeriodic=0.000000, PostPeriodic=0.000000, PreContinuous=0.000000, PostContinous=0.000000, Standalone=0.000000, Input=0.000355, Output=0.000000
globalTracer.TaskPerformance_Info: intake.motor.velCtrlTask: Start=0.000000, Stop=0.000000, PrePeriodic=0.000000, PostPeriodic=0.000000, PreContinuous=0.000000, PostContinous=0.000000, Standalone=0.000000, Input=0.000000, Output=0.000000
globalTracer.TaskPerformance_Info: intake.analogTrigger.triggerTask: Start=0.000000, Stop=0.000000, PrePeriodic=0.000000, PostPeriodic=0.000000, PreContinuous=0.000000, PostContinous=0.000000, Standalone=0.000000, Input=0.000000, Output=0.000000
globalTracer.TaskPerformance_Info: spinnerMotor.velCtrlTask: Start=0.000000, Stop=0.000000, PrePeriodic=0.000000, PostPeriodic=0.000000, PreContinuous=0.000000, PostContinous=0.000000, Standalone=0.000000, Input=0.000000, Output=0.000000
globalTracer.TaskPerformance_Info: yLeftOdwServo.servoTask: Start=0.000000, Stop=0.000000, PrePeriodic=0.000000, PostPeriodic=0.000000, PreContinuous=0.000000, PostContinous=0.000000, Standalone=0.000000, Input=0.000000, Output=0.000000
globalTracer.TaskPerformance_Info: yRightOdwServo.servoTask: Start=0.000000, Stop=0.000000, PrePeriodic=0.000000, PostPeriodic=0.000000, PreContinuous=0.000000, PostContinous=0.000000, Standalone=0.000000, Input=0.000000, Output=0.000000
globalTracer.TaskPerformance_Info: xOdwServo.servoTask: Start=0.000000, Stop=0.000000, PrePeriodic=0.000000, PostPeriodic=0.000000, PreContinuous=0.000000, PostContinous=0.000000, Standalone=0.000000, Input=0.000000, Output=0.000000
